/data/pt_02495/emprise7t_2/derivatives/fmriprep/sub-D003/ses-visual/func/sub-D003_ses-visual_task-harvey_acq-NORDIC_run-1_hemi-L_space-fsaverage_bold.func.gii
/data/pt_02495/emprise7t_2_analysis/derivatives/numprf/sub-D003/ses-visual/model-NumAna


-> Subject "D003", Session "visual":
   - Loading confounds ... 
    - Valid runs:[1, 2, 3, 4, 6, 7, 9]
successful!
   - Loading onsets ... 
     run  1  is included to analysis.

     run  2  is included to analysis.

     run  3  is included to analysis.

     run  4  is included to analysis.

     run  6  is included to analysis.

     run  7  is included to analysis.

     run  9  is included to analysis.
successful!

-> Hemisphere "L", Space "fsaverage":
   - Loading fMRI data ... successful!

-> Compare the temporal dimension.
   - Cut the first time point confound.

-> Runs "all" (7 runs: slices 0,1,2,3,4,5,6):
   - Estimating parameters ... 

-> Maximum likelihood estimation (7 runs, 163842 voxels, 209 scans, 
   averaging across runs, no averaging across epochs):
   - grid chunk 1 out of 170: mu = 0.80, fwhm = 0.09, ..., 288.27
   - grid chunk 2 out of 170: mu = 0.85, fwhm = 0.10, ..., 306.29
   - grid chunk 3 out of 170: mu = 0.90, fwhm = 0.11, ..., 324.30
   - grid chunk 4 out of 170: mu = 0.95, fwhm = 0.11, ..., 342.32
   - grid chunk 5 out of 170: mu = 1.00, fwhm = 0.12, ..., 360.34
   - grid chunk 6 out of 170: mu = 1.05, fwhm = 0.12, ..., 378.35
   - grid chunk 7 out of 170: mu = 1.10, fwhm = 0.13, ..., 396.37
   - grid chunk 8 out of 170: mu = 1.15, fwhm = 0.14, ..., 414.39
   - grid chunk 9 out of 170: mu = 1.20, fwhm = 0.14, ..., 432.41
   - grid chunk 10 out of 170: mu = 1.25, fwhm = 0.15, ..., 450.42
   - grid chunk 11 out of 170: mu = 1.30, fwhm = 0.15, ..., 468.44
   - grid chunk 12 out of 170: mu = 1.35, fwhm = 0.16, ..., 486.46
   - grid chunk 13 out of 170: mu = 1.40, fwhm = 0.16, ..., 504.47
   - grid chunk 14 out of 170: mu = 1.45, fwhm = 0.17, ..., 522.49
   - grid chunk 15 out of 170: mu = 1.50, fwhm = 0.18, ..., 540.51
   - grid chunk 16 out of 170: mu = 1.55, fwhm = 0.18, ..., 558.52
   - grid chunk 17 out of 170: mu = 1.60, fwhm = 0.19, ..., 576.54
   - grid chunk 18 out of 170: mu = 1.65, fwhm = 0.19, ..., 594.56
   - grid chunk 19 out of 170: mu = 1.70, fwhm = 0.20, ..., 612.57
   - grid chunk 20 out of 170: mu = 1.75, fwhm = 0.21, ..., 630.59
   - grid chunk 21 out of 170: mu = 1.80, fwhm = 0.21, ..., 648.61
   - grid chunk 22 out of 170: mu = 1.85, fwhm = 0.22, ..., 666.63
   - grid chunk 23 out of 170: mu = 1.90, fwhm = 0.22, ..., 684.64
   - grid chunk 24 out of 170: mu = 1.95, fwhm = 0.23, ..., 702.66
   - grid chunk 25 out of 170: mu = 2.00, fwhm = 0.24, ..., 720.68
   - grid chunk 26 out of 170: mu = 2.05, fwhm = 0.24, ..., 738.69
   - grid chunk 27 out of 170: mu = 2.10, fwhm = 0.25, ..., 756.71
   - grid chunk 28 out of 170: mu = 2.15, fwhm = 0.25, ..., 774.73
   - grid chunk 29 out of 170: mu = 2.20, fwhm = 0.26, ..., 792.74
   - grid chunk 30 out of 170: mu = 2.25, fwhm = 0.27, ..., 810.76
   - grid chunk 31 out of 170: mu = 2.30, fwhm = 0.27, ..., 828.78
   - grid chunk 32 out of 170: mu = 2.35, fwhm = 0.28, ..., 846.79
   - grid chunk 33 out of 170: mu = 2.40, fwhm = 0.28, ..., 864.81
   - grid chunk 34 out of 170: mu = 2.45, fwhm = 0.29, ..., 882.83
   - grid chunk 35 out of 170: mu = 2.50, fwhm = 0.29, ..., 900.84
   - grid chunk 36 out of 170: mu = 2.55, fwhm = 0.30, ..., 918.86
   - grid chunk 37 out of 170: mu = 2.60, fwhm = 0.31, ..., 936.88
   - grid chunk 38 out of 170: mu = 2.65, fwhm = 0.31, ..., 954.90
   - grid chunk 39 out of 170: mu = 2.70, fwhm = 0.32, ..., 972.91
   - grid chunk 40 out of 170: mu = 2.75, fwhm = 0.32, ..., 990.93
   - grid chunk 41 out of 170: mu = 2.80, fwhm = 0.33, ..., 1008.95
   - grid chunk 42 out of 170: mu = 2.85, fwhm = 0.34, ..., 1026.96
   - grid chunk 43 out of 170: mu = 2.90, fwhm = 0.34, ..., 1044.98
   - grid chunk 44 out of 170: mu = 2.95, fwhm = 0.35, ..., 1063.00
   - grid chunk 45 out of 170: mu = 3.00, fwhm = 0.35, ..., 1081.01
   - grid chunk 46 out of 170: mu = 3.05, fwhm = 0.36, ..., 1099.03
   - grid chunk 47 out of 170: mu = 3.10, fwhm = 0.37, ..., 1117.05
   - grid chunk 48 out of 170: mu = 3.15, fwhm = 0.37, ..., 1135.06
   - grid chunk 49 out of 170: mu = 3.20, fwhm = 0.38, ..., 1153.08
   - grid chunk 50 out of 170: mu = 3.25, fwhm = 0.38, ..., 1171.10
   - grid chunk 51 out of 170: mu = 3.30, fwhm = 0.39, ..., 1189.12
   - grid chunk 52 out of 170: mu = 3.35, fwhm = 0.39, ..., 1207.13
   - grid chunk 53 out of 170: mu = 3.40, fwhm = 0.40, ..., 1225.15
   - grid chunk 54 out of 170: mu = 3.45, fwhm = 0.41, ..., 1243.17
   - grid chunk 55 out of 170: mu = 3.50, fwhm = 0.41, ..., 1261.18
   - grid chunk 56 out of 170: mu = 3.55, fwhm = 0.42, ..., 1279.20
   - grid chunk 57 out of 170: mu = 3.60, fwhm = 0.42, ..., 1297.22
   - grid chunk 58 out of 170: mu = 3.65, fwhm = 0.43, ..., 1315.23
   - grid chunk 59 out of 170: mu = 3.70, fwhm = 0.44, ..., 1333.25
   - grid chunk 60 out of 170: mu = 3.75, fwhm = 0.44, ..., 1351.27
   - grid chunk 61 out of 170: mu = 3.80, fwhm = 0.45, ..., 1369.28
   - grid chunk 62 out of 170: mu = 3.85, fwhm = 0.45, ..., 1387.30
   - grid chunk 63 out of 170: mu = 3.90, fwhm = 0.46, ..., 1405.32
   - grid chunk 64 out of 170: mu = 3.95, fwhm = 0.47, ..., 1423.34
   - grid chunk 65 out of 170: mu = 4.00, fwhm = 0.47, ..., 1441.35
   - grid chunk 66 out of 170: mu = 4.05, fwhm = 0.48, ..., 1459.37
   - grid chunk 67 out of 170: mu = 4.10, fwhm = 0.48, ..., 1477.39
   - grid chunk 68 out of 170: mu = 4.15, fwhm = 0.49, ..., 1495.40
   - grid chunk 69 out of 170: mu = 4.20, fwhm = 0.49, ..., 1513.42
   - grid chunk 70 out of 170: mu = 4.25, fwhm = 0.50, ..., 1531.44
   - grid chunk 71 out of 170: mu = 4.30, fwhm = 0.51, ..., 1549.45
   - grid chunk 72 out of 170: mu = 4.35, fwhm = 0.51, ..., 1567.47
   - grid chunk 73 out of 170: mu = 4.40, fwhm = 0.52, ..., 1585.49
   - grid chunk 74 out of 170: mu = 4.45, fwhm = 0.52, ..., 1603.50
   - grid chunk 75 out of 170: mu = 4.50, fwhm = 0.53, ..., 1621.52
   - grid chunk 76 out of 170: mu = 4.55, fwhm = 0.54, ..., 1639.54
   - grid chunk 77 out of 170: mu = 4.60, fwhm = 0.54, ..., 1657.55
   - grid chunk 78 out of 170: mu = 4.65, fwhm = 0.55, ..., 1675.57
   - grid chunk 79 out of 170: mu = 4.70, fwhm = 0.55, ..., 1693.59
   - grid chunk 80 out of 170: mu = 4.75, fwhm = 0.56, ..., 1711.61
   - grid chunk 81 out of 170: mu = 4.80, fwhm = 0.57, ..., 1729.62
   - grid chunk 82 out of 170: mu = 4.85, fwhm = 0.57, ..., 1747.64
   - grid chunk 83 out of 170: mu = 4.90, fwhm = 0.58, ..., 1765.66
   - grid chunk 84 out of 170: mu = 4.95, fwhm = 0.58, ..., 1783.67
   - grid chunk 85 out of 170: mu = 5.00, fwhm = 0.59, ..., 1801.69
   - grid chunk 86 out of 170: mu = 5.05, fwhm = 0.59, ..., 1819.71
   - grid chunk 87 out of 170: mu = 5.10, fwhm = 0.60, ..., 1837.72
   - grid chunk 88 out of 170: mu = 5.15, fwhm = 0.61, ..., 1855.74
   - grid chunk 89 out of 170: mu = 5.20, fwhm = 0.61, ..., 1873.76
   - grid chunk 90 out of 170: mu = 5.25, fwhm = 0.62, ..., 1891.77
   - grid chunk 91 out of 170: mu = 5.30, fwhm = 0.62, ..., 1909.79
   - grid chunk 92 out of 170: mu = 5.35, fwhm = 0.63, ..., 1927.81
   - grid chunk 93 out of 170: mu = 5.40, fwhm = 0.64, ..., 1945.83
   - grid chunk 94 out of 170: mu = 5.45, fwhm = 0.64, ..., 1963.84
   - grid chunk 95 out of 170: mu = 5.50, fwhm = 0.65, ..., 1981.86
   - grid chunk 96 out of 170: mu = 5.55, fwhm = 0.65, ..., 1999.88
   - grid chunk 97 out of 170: mu = 5.60, fwhm = 0.66, ..., 2017.89
   - grid chunk 98 out of 170: mu = 5.65, fwhm = 0.67, ..., 2035.91
   - grid chunk 99 out of 170: mu = 5.70, fwhm = 0.67, ..., 2053.93
   - grid chunk 100 out of 170: mu = 5.75, fwhm = 0.68, ..., 2071.94
   - grid chunk 101 out of 170: mu = 5.80, fwhm = 0.68, ..., 2089.96
   - grid chunk 102 out of 170: mu = 5.85, fwhm = 0.69, ..., 2107.98
   - grid chunk 103 out of 170: mu = 5.90, fwhm = 0.70, ..., 2125.99
   - grid chunk 104 out of 170: mu = 5.95, fwhm = 0.70, ..., 2144.01
   - grid chunk 105 out of 170: mu = 6.00, fwhm = 0.71, ..., 2162.03
   - grid chunk 106 out of 170: mu = 6.05, fwhm = 0.71, ..., 2180.04
   - grid chunk 107 out of 170: mu = 6.10, fwhm = 0.72, ..., 2198.06
   - grid chunk 108 out of 170: mu = 6.15, fwhm = 0.72, ..., 2216.08
   - grid chunk 109 out of 170: mu = 6.20, fwhm = 0.73, ..., 2234.10
   - grid chunk 110 out of 170: mu = 6.25, fwhm = 0.74, ..., 2252.11
   - grid chunk 111 out of 170: mu = 6.30, fwhm = 0.74, ..., 2270.13
   - grid chunk 112 out of 170: mu = 6.35, fwhm = 0.75, ..., 2288.15
   - grid chunk 113 out of 170: mu = 6.40, fwhm = 0.75, ..., 2306.16
   - grid chunk 114 out of 170: mu = 6.45, fwhm = 0.76, ..., 2324.18
   - grid chunk 115 out of 170: mu = 6.50, fwhm = 0.77, ..., 2342.20
   - grid chunk 116 out of 170: mu = 6.55, fwhm = 0.77, ..., 2360.21
   - grid chunk 117 out of 170: mu = 6.60, fwhm = 0.78, ..., 2378.23
   - grid chunk 118 out of 170: mu = 6.65, fwhm = 0.78, ..., 2396.25
   - grid chunk 119 out of 170: mu = 6.70, fwhm = 0.79, ..., 2414.26
   - grid chunk 120 out of 170: mu = 6.75, fwhm = 0.80, ..., 2432.28
   - grid chunk 121 out of 170: mu = 6.80, fwhm = 0.80, ..., 2450.30
   - grid chunk 122 out of 170: mu = 6.85, fwhm = 0.81, ..., 2468.32
   - grid chunk 123 out of 170: mu = 6.90, fwhm = 0.81, ..., 2486.33
   - grid chunk 124 out of 170: mu = 6.95, fwhm = 0.82, ..., 2504.35
   - grid chunk 125 out of 170: mu = 7.00, fwhm = 0.82, ..., 2522.37
   - grid chunk 126 out of 170: mu = 7.05, fwhm = 0.83, ..., 2540.38
   - grid chunk 127 out of 170: mu = 7.10, fwhm = 0.84, ..., 2558.40
   - grid chunk 128 out of 170: mu = 7.15, fwhm = 0.84, ..., 2576.42
   - grid chunk 129 out of 170: mu = 7.20, fwhm = 0.85, ..., 2594.43
   - grid chunk 130 out of 170: mu = 7.25, fwhm = 0.85, ..., 2612.45
   - grid chunk 131 out of 170: mu = 7.30, fwhm = 0.86, ..., 2630.47
   - grid chunk 132 out of 170: mu = 7.35, fwhm = 0.87, ..., 2648.48
   - grid chunk 133 out of 170: mu = 7.40, fwhm = 0.87, ..., 2666.50
   - grid chunk 134 out of 170: mu = 7.45, fwhm = 0.88, ..., 2684.52
   - grid chunk 135 out of 170: mu = 7.50, fwhm = 0.88, ..., 2702.53
   - grid chunk 136 out of 170: mu = 7.55, fwhm = 0.89, ..., 2720.55
   - grid chunk 137 out of 170: mu = 7.60, fwhm = 0.90, ..., 2738.57
   - grid chunk 138 out of 170: mu = 7.65, fwhm = 0.90, ..., 2756.59
   - grid chunk 139 out of 170: mu = 7.70, fwhm = 0.91, ..., 2774.60
   - grid chunk 140 out of 170: mu = 7.75, fwhm = 0.91, ..., 2792.62
   - grid chunk 141 out of 170: mu = 7.80, fwhm = 0.92, ..., 2810.64
   - grid chunk 142 out of 170: mu = 7.85, fwhm = 0.92, ..., 2828.65
   - grid chunk 143 out of 170: mu = 7.90, fwhm = 0.93, ..., 2846.67
   - grid chunk 144 out of 170: mu = 7.95, fwhm = 0.94, ..., 2864.69
   - grid chunk 145 out of 170: mu = 8.00, fwhm = 0.94, ..., 2882.70
   - grid chunk 146 out of 170: mu = 8.05, fwhm = 0.95, ..., 2900.72
   - grid chunk 147 out of 170: mu = 8.10, fwhm = 0.95, ..., 2918.74
   - grid chunk 148 out of 170: mu = 8.15, fwhm = 0.96, ..., 2936.75
   - grid chunk 149 out of 170: mu = 8.20, fwhm = 0.97, ..., 2954.77
   - grid chunk 150 out of 170: mu = 8.25, fwhm = 0.97, ..., 2972.79
   - grid chunk 151 out of 170: mu = 8.30, fwhm = 0.98, ..., 2990.81
   - grid chunk 152 out of 170: mu = 8.35, fwhm = 0.98, ..., 3008.82
   - grid chunk 153 out of 170: mu = 8.40, fwhm = 0.99, ..., 3026.84
   - grid chunk 154 out of 170: mu = 8.45, fwhm = 1.00, ..., 3044.86
   - grid chunk 155 out of 170: mu = 8.50, fwhm = 1.00, ..., 3062.87
   - grid chunk 156 out of 170: mu = 8.55, fwhm = 1.01, ..., 3080.89
   - grid chunk 157 out of 170: mu = 8.60, fwhm = 1.01, ..., 3098.91
   - grid chunk 158 out of 170: mu = 8.65, fwhm = 1.02, ..., 3116.92
   - grid chunk 159 out of 170: mu = 8.70, fwhm = 1.02, ..., 3134.94
   - grid chunk 160 out of 170: mu = 8.75, fwhm = 1.03, ..., 3152.96
   - grid chunk 161 out of 170: mu = 8.80, fwhm = 1.04, ..., 3170.97
   - grid chunk 162 out of 170: mu = 8.85, fwhm = 1.04, ..., 3188.99
   - grid chunk 163 out of 170: mu = 8.90, fwhm = 1.05, ..., 3207.01
   - grid chunk 164 out of 170: mu = 8.95, fwhm = 1.05, ..., 3225.02
   - grid chunk 165 out of 170: mu = 9.00, fwhm = 1.06, ..., 3243.04
   - grid chunk 166 out of 170: mu = 9.05, fwhm = 1.07, ..., 3261.06
   - grid chunk 167 out of 170: mu = 9.10, fwhm = 1.07, ..., 3279.08
   - grid chunk 168 out of 170: mu = 9.15, fwhm = 1.08, ..., 3297.09
   - grid chunk 169 out of 170: mu = 9.20, fwhm = 1.08, ..., 3315.11
   - grid chunk 170 out of 170: mu = 20.00, fwhm = 2.36, ..., 7206.76

-> Maximum likelihood estimation of reduced models
   (averaging across runs, no averaging across epochs):
   - no-numerosity model ... successful!
   - baseline-only model ... successful!

-> Runs "all", Model "NumAna", Settings "True,False,iid,1":
   - Saving results file ... successful!
   - Saving "mu" image ... successful!
   - Saving "fwhm" image ... successful!
   - Saving "beta" image ... successful!

-> Hemisphere "R", Space "fsaverage":
   - Loading fMRI data ... successful!

-> Compare the temporal dimension.
   - Dimension matched.

-> Runs "all" (7 runs: slices 0,1,2,3,4,5,6):
   - Estimating parameters ... 

-> Maximum likelihood estimation (7 runs, 163842 voxels, 209 scans, 
   averaging across runs, no averaging across epochs):
   - grid chunk 1 out of 170: mu = 0.80, fwhm = 0.09, ..., 288.27
   - grid chunk 2 out of 170: mu = 0.85, fwhm = 0.10, ..., 306.29
   - grid chunk 3 out of 170: mu = 0.90, fwhm = 0.11, ..., 324.30
   - grid chunk 4 out of 170: mu = 0.95, fwhm = 0.11, ..., 342.32
   - grid chunk 5 out of 170: mu = 1.00, fwhm = 0.12, ..., 360.34
   - grid chunk 6 out of 170: mu = 1.05, fwhm = 0.12, ..., 378.35
   - grid chunk 7 out of 170: mu = 1.10, fwhm = 0.13, ..., 396.37
   - grid chunk 8 out of 170: mu = 1.15, fwhm = 0.14, ..., 414.39
   - grid chunk 9 out of 170: mu = 1.20, fwhm = 0.14, ..., 432.41
   - grid chunk 10 out of 170: mu = 1.25, fwhm = 0.15, ..., 450.42
   - grid chunk 11 out of 170: mu = 1.30, fwhm = 0.15, ..., 468.44
   - grid chunk 12 out of 170: mu = 1.35, fwhm = 0.16, ..., 486.46
   - grid chunk 13 out of 170: mu = 1.40, fwhm = 0.16, ..., 504.47
   - grid chunk 14 out of 170: mu = 1.45, fwhm = 0.17, ..., 522.49
   - grid chunk 15 out of 170: mu = 1.50, fwhm = 0.18, ..., 540.51
   - grid chunk 16 out of 170: mu = 1.55, fwhm = 0.18, ..., 558.52
   - grid chunk 17 out of 170: mu = 1.60, fwhm = 0.19, ..., 576.54
   - grid chunk 18 out of 170: mu = 1.65, fwhm = 0.19, ..., 594.56
   - grid chunk 19 out of 170: mu = 1.70, fwhm = 0.20, ..., 612.57
   - grid chunk 20 out of 170: mu = 1.75, fwhm = 0.21, ..., 630.59
   - grid chunk 21 out of 170: mu = 1.80, fwhm = 0.21, ..., 648.61
   - grid chunk 22 out of 170: mu = 1.85, fwhm = 0.22, ..., 666.63
   - grid chunk 23 out of 170: mu = 1.90, fwhm = 0.22, ..., 684.64
   - grid chunk 24 out of 170: mu = 1.95, fwhm = 0.23, ..., 702.66
   - grid chunk 25 out of 170: mu = 2.00, fwhm = 0.24, ..., 720.68
   - grid chunk 26 out of 170: mu = 2.05, fwhm = 0.24, ..., 738.69
   - grid chunk 27 out of 170: mu = 2.10, fwhm = 0.25, ..., 756.71
   - grid chunk 28 out of 170: mu = 2.15, fwhm = 0.25, ..., 774.73
   - grid chunk 29 out of 170: mu = 2.20, fwhm = 0.26, ..., 792.74
   - grid chunk 30 out of 170: mu = 2.25, fwhm = 0.27, ..., 810.76
   - grid chunk 31 out of 170: mu = 2.30, fwhm = 0.27, ..., 828.78
   - grid chunk 32 out of 170: mu = 2.35, fwhm = 0.28, ..., 846.79
   - grid chunk 33 out of 170: mu = 2.40, fwhm = 0.28, ..., 864.81
   - grid chunk 34 out of 170: mu = 2.45, fwhm = 0.29, ..., 882.83
   - grid chunk 35 out of 170: mu = 2.50, fwhm = 0.29, ..., 900.84
   - grid chunk 36 out of 170: mu = 2.55, fwhm = 0.30, ..., 918.86
   - grid chunk 37 out of 170: mu = 2.60, fwhm = 0.31, ..., 936.88
   - grid chunk 38 out of 170: mu = 2.65, fwhm = 0.31, ..., 954.90
   - grid chunk 39 out of 170: mu = 2.70, fwhm = 0.32, ..., 972.91
   - grid chunk 40 out of 170: mu = 2.75, fwhm = 0.32, ..., 990.93
   - grid chunk 41 out of 170: mu = 2.80, fwhm = 0.33, ..., 1008.95
   - grid chunk 42 out of 170: mu = 2.85, fwhm = 0.34, ..., 1026.96
   - grid chunk 43 out of 170: mu = 2.90, fwhm = 0.34, ..., 1044.98
   - grid chunk 44 out of 170: mu = 2.95, fwhm = 0.35, ..., 1063.00
   - grid chunk 45 out of 170: mu = 3.00, fwhm = 0.35, ..., 1081.01
   - grid chunk 46 out of 170: mu = 3.05, fwhm = 0.36, ..., 1099.03
   - grid chunk 47 out of 170: mu = 3.10, fwhm = 0.37, ..., 1117.05
   - grid chunk 48 out of 170: mu = 3.15, fwhm = 0.37, ..., 1135.06
   - grid chunk 49 out of 170: mu = 3.20, fwhm = 0.38, ..., 1153.08
   - grid chunk 50 out of 170: mu = 3.25, fwhm = 0.38, ..., 1171.10
   - grid chunk 51 out of 170: mu = 3.30, fwhm = 0.39, ..., 1189.12
   - grid chunk 52 out of 170: mu = 3.35, fwhm = 0.39, ..., 1207.13
   - grid chunk 53 out of 170: mu = 3.40, fwhm = 0.40, ..., 1225.15
   - grid chunk 54 out of 170: mu = 3.45, fwhm = 0.41, ..., 1243.17
   - grid chunk 55 out of 170: mu = 3.50, fwhm = 0.41, ..., 1261.18
   - grid chunk 56 out of 170: mu = 3.55, fwhm = 0.42, ..., 1279.20
   - grid chunk 57 out of 170: mu = 3.60, fwhm = 0.42, ..., 1297.22
   - grid chunk 58 out of 170: mu = 3.65, fwhm = 0.43, ..., 1315.23
   - grid chunk 59 out of 170: mu = 3.70, fwhm = 0.44, ..., 1333.25
   - grid chunk 60 out of 170: mu = 3.75, fwhm = 0.44, ..., 1351.27
   - grid chunk 61 out of 170: mu = 3.80, fwhm = 0.45, ..., 1369.28
   - grid chunk 62 out of 170: mu = 3.85, fwhm = 0.45, ..., 1387.30
   - grid chunk 63 out of 170: mu = 3.90, fwhm = 0.46, ..., 1405.32
   - grid chunk 64 out of 170: mu = 3.95, fwhm = 0.47, ..., 1423.34
   - grid chunk 65 out of 170: mu = 4.00, fwhm = 0.47, ..., 1441.35
   - grid chunk 66 out of 170: mu = 4.05, fwhm = 0.48, ..., 1459.37
   - grid chunk 67 out of 170: mu = 4.10, fwhm = 0.48, ..., 1477.39
   - grid chunk 68 out of 170: mu = 4.15, fwhm = 0.49, ..., 1495.40
   - grid chunk 69 out of 170: mu = 4.20, fwhm = 0.49, ..., 1513.42
   - grid chunk 70 out of 170: mu = 4.25, fwhm = 0.50, ..., 1531.44
   - grid chunk 71 out of 170: mu = 4.30, fwhm = 0.51, ..., 1549.45
   - grid chunk 72 out of 170: mu = 4.35, fwhm = 0.51, ..., 1567.47
   - grid chunk 73 out of 170: mu = 4.40, fwhm = 0.52, ..., 1585.49
   - grid chunk 74 out of 170: mu = 4.45, fwhm = 0.52, ..., 1603.50
   - grid chunk 75 out of 170: mu = 4.50, fwhm = 0.53, ..., 1621.52
   - grid chunk 76 out of 170: mu = 4.55, fwhm = 0.54, ..., 1639.54
   - grid chunk 77 out of 170: mu = 4.60, fwhm = 0.54, ..., 1657.55
   - grid chunk 78 out of 170: mu = 4.65, fwhm = 0.55, ..., 1675.57
   - grid chunk 79 out of 170: mu = 4.70, fwhm = 0.55, ..., 1693.59
   - grid chunk 80 out of 170: mu = 4.75, fwhm = 0.56, ..., 1711.61
   - grid chunk 81 out of 170: mu = 4.80, fwhm = 0.57, ..., 1729.62
   - grid chunk 82 out of 170: mu = 4.85, fwhm = 0.57, ..., 1747.64
   - grid chunk 83 out of 170: mu = 4.90, fwhm = 0.58, ..., 1765.66
   - grid chunk 84 out of 170: mu = 4.95, fwhm = 0.58, ..., 1783.67
   - grid chunk 85 out of 170: mu = 5.00, fwhm = 0.59, ..., 1801.69
   - grid chunk 86 out of 170: mu = 5.05, fwhm = 0.59, ..., 1819.71
   - grid chunk 87 out of 170: mu = 5.10, fwhm = 0.60, ..., 1837.72
   - grid chunk 88 out of 170: mu = 5.15, fwhm = 0.61, ..., 1855.74
   - grid chunk 89 out of 170: mu = 5.20, fwhm = 0.61, ..., 1873.76
   - grid chunk 90 out of 170: mu = 5.25, fwhm = 0.62, ..., 1891.77
   - grid chunk 91 out of 170: mu = 5.30, fwhm = 0.62, ..., 1909.79
   - grid chunk 92 out of 170: mu = 5.35, fwhm = 0.63, ..., 1927.81
   - grid chunk 93 out of 170: mu = 5.40, fwhm = 0.64, ..., 1945.83
   - grid chunk 94 out of 170: mu = 5.45, fwhm = 0.64, ..., 1963.84
   - grid chunk 95 out of 170: mu = 5.50, fwhm = 0.65, ..., 1981.86
   - grid chunk 96 out of 170: mu = 5.55, fwhm = 0.65, ..., 1999.88
   - grid chunk 97 out of 170: mu = 5.60, fwhm = 0.66, ..., 2017.89
   - grid chunk 98 out of 170: mu = 5.65, fwhm = 0.67, ..., 2035.91
   - grid chunk 99 out of 170: mu = 5.70, fwhm = 0.67, ..., 2053.93
   - grid chunk 100 out of 170: mu = 5.75, fwhm = 0.68, ..., 2071.94
   - grid chunk 101 out of 170: mu = 5.80, fwhm = 0.68, ..., 2089.96
   - grid chunk 102 out of 170: mu = 5.85, fwhm = 0.69, ..., 2107.98
   - grid chunk 103 out of 170: mu = 5.90, fwhm = 0.70, ..., 2125.99
   - grid chunk 104 out of 170: mu = 5.95, fwhm = 0.70, ..., 2144.01
   - grid chunk 105 out of 170: mu = 6.00, fwhm = 0.71, ..., 2162.03
   - grid chunk 106 out of 170: mu = 6.05, fwhm = 0.71, ..., 2180.04
   - grid chunk 107 out of 170: mu = 6.10, fwhm = 0.72, ..., 2198.06
   - grid chunk 108 out of 170: mu = 6.15, fwhm = 0.72, ..., 2216.08
   - grid chunk 109 out of 170: mu = 6.20, fwhm = 0.73, ..., 2234.10
   - grid chunk 110 out of 170: mu = 6.25, fwhm = 0.74, ..., 2252.11
   - grid chunk 111 out of 170: mu = 6.30, fwhm = 0.74, ..., 2270.13
   - grid chunk 112 out of 170: mu = 6.35, fwhm = 0.75, ..., 2288.15
   - grid chunk 113 out of 170: mu = 6.40, fwhm = 0.75, ..., 2306.16
   - grid chunk 114 out of 170: mu = 6.45, fwhm = 0.76, ..., 2324.18
   - grid chunk 115 out of 170: mu = 6.50, fwhm = 0.77, ..., 2342.20
   - grid chunk 116 out of 170: mu = 6.55, fwhm = 0.77, ..., 2360.21
   - grid chunk 117 out of 170: mu = 6.60, fwhm = 0.78, ..., 2378.23
   - grid chunk 118 out of 170: mu = 6.65, fwhm = 0.78, ..., 2396.25
   - grid chunk 119 out of 170: mu = 6.70, fwhm = 0.79, ..., 2414.26
   - grid chunk 120 out of 170: mu = 6.75, fwhm = 0.80, ..., 2432.28
   - grid chunk 121 out of 170: mu = 6.80, fwhm = 0.80, ..., 2450.30
   - grid chunk 122 out of 170: mu = 6.85, fwhm = 0.81, ..., 2468.32
   - grid chunk 123 out of 170: mu = 6.90, fwhm = 0.81, ..., 2486.33
   - grid chunk 124 out of 170: mu = 6.95, fwhm = 0.82, ..., 2504.35
   - grid chunk 125 out of 170: mu = 7.00, fwhm = 0.82, ..., 2522.37
   - grid chunk 126 out of 170: mu = 7.05, fwhm = 0.83, ..., 2540.38
   - grid chunk 127 out of 170: mu = 7.10, fwhm = 0.84, ..., 2558.40
   - grid chunk 128 out of 170: mu = 7.15, fwhm = 0.84, ..., 2576.42
   - grid chunk 129 out of 170: mu = 7.20, fwhm = 0.85, ..., 2594.43
   - grid chunk 130 out of 170: mu = 7.25, fwhm = 0.85, ..., 2612.45
   - grid chunk 131 out of 170: mu = 7.30, fwhm = 0.86, ..., 2630.47
   - grid chunk 132 out of 170: mu = 7.35, fwhm = 0.87, ..., 2648.48
   - grid chunk 133 out of 170: mu = 7.40, fwhm = 0.87, ..., 2666.50
   - grid chunk 134 out of 170: mu = 7.45, fwhm = 0.88, ..., 2684.52
   - grid chunk 135 out of 170: mu = 7.50, fwhm = 0.88, ..., 2702.53
   - grid chunk 136 out of 170: mu = 7.55, fwhm = 0.89, ..., 2720.55
   - grid chunk 137 out of 170: mu = 7.60, fwhm = 0.90, ..., 2738.57
   - grid chunk 138 out of 170: mu = 7.65, fwhm = 0.90, ..., 2756.59
   - grid chunk 139 out of 170: mu = 7.70, fwhm = 0.91, ..., 2774.60
   - grid chunk 140 out of 170: mu = 7.75, fwhm = 0.91, ..., 2792.62
   - grid chunk 141 out of 170: mu = 7.80, fwhm = 0.92, ..., 2810.64
   - grid chunk 142 out of 170: mu = 7.85, fwhm = 0.92, ..., 2828.65
   - grid chunk 143 out of 170: mu = 7.90, fwhm = 0.93, ..., 2846.67
   - grid chunk 144 out of 170: mu = 7.95, fwhm = 0.94, ..., 2864.69
   - grid chunk 145 out of 170: mu = 8.00, fwhm = 0.94, ..., 2882.70
   - grid chunk 146 out of 170: mu = 8.05, fwhm = 0.95, ..., 2900.72
   - grid chunk 147 out of 170: mu = 8.10, fwhm = 0.95, ..., 2918.74
   - grid chunk 148 out of 170: mu = 8.15, fwhm = 0.96, ..., 2936.75
   - grid chunk 149 out of 170: mu = 8.20, fwhm = 0.97, ..., 2954.77
   - grid chunk 150 out of 170: mu = 8.25, fwhm = 0.97, ..., 2972.79
   - grid chunk 151 out of 170: mu = 8.30, fwhm = 0.98, ..., 2990.81
   - grid chunk 152 out of 170: mu = 8.35, fwhm = 0.98, ..., 3008.82
   - grid chunk 153 out of 170: mu = 8.40, fwhm = 0.99, ..., 3026.84
   - grid chunk 154 out of 170: mu = 8.45, fwhm = 1.00, ..., 3044.86
   - grid chunk 155 out of 170: mu = 8.50, fwhm = 1.00, ..., 3062.87
   - grid chunk 156 out of 170: mu = 8.55, fwhm = 1.01, ..., 3080.89
   - grid chunk 157 out of 170: mu = 8.60, fwhm = 1.01, ..., 3098.91
   - grid chunk 158 out of 170: mu = 8.65, fwhm = 1.02, ..., 3116.92
   - grid chunk 159 out of 170: mu = 8.70, fwhm = 1.02, ..., 3134.94
   - grid chunk 160 out of 170: mu = 8.75, fwhm = 1.03, ..., 3152.96
   - grid chunk 161 out of 170: mu = 8.80, fwhm = 1.04, ..., 3170.97
   - grid chunk 162 out of 170: mu = 8.85, fwhm = 1.04, ..., 3188.99
   - grid chunk 163 out of 170: mu = 8.90, fwhm = 1.05, ..., 3207.01
   - grid chunk 164 out of 170: mu = 8.95, fwhm = 1.05, ..., 3225.02
   - grid chunk 165 out of 170: mu = 9.00, fwhm = 1.06, ..., 3243.04
   - grid chunk 166 out of 170: mu = 9.05, fwhm = 1.07, ..., 3261.06
   - grid chunk 167 out of 170: mu = 9.10, fwhm = 1.07, ..., 3279.08
   - grid chunk 168 out of 170: mu = 9.15, fwhm = 1.08, ..., 3297.09
   - grid chunk 169 out of 170: mu = 9.20, fwhm = 1.08, ..., 3315.11
   - grid chunk 170 out of 170: mu = 20.00, fwhm = 2.36, ..., 7206.76

-> Maximum likelihood estimation of reduced models
   (averaging across runs, no averaging across epochs):
   - no-numerosity model ... successful!
   - baseline-only model ... successful!

-> Runs "all", Model "NumAna", Settings "True,False,iid,1":
   - Saving results file ... successful!
   - Saving "mu" image ... successful!
   - Saving "fwhm" image ... successful!
   - Saving "beta" image ... successful!


-> Subject "D003", Session "visual", Model "NumAna":
   - left hemisphere:
     - Saving R-squared image for all runs ... successful!
   - right hemisphere:
     - Saving R-squared image for all runs ... successful!


-> Subject "D003", Session "visual", Model "NumAna":
Effective number of observations in model: 209
   - left hemisphere:
     - Applying threshold criteria "Rsqmb,p=0.05B" ... successful!
     - Saving thresholded "mu" image ... successful!
     - Saving thresholded "fwhm" image ... successful!
     - Saving thresholded "beta" image ... successful!
     - Saving thresholded "Rsq" image ... successful!
   - right hemisphere:
     - Applying threshold criteria "Rsqmb,p=0.05B" ... successful!
     - Saving thresholded "mu" image ... successful!
     - Saving thresholded "fwhm" image ... successful!
     - Saving thresholded "beta" image ... successful!
     - Saving thresholded "Rsq" image ... successful!
